<?xml version="1.0" encoding="UTF-8"?>
<testsuite xmlns:xsi="http://www.w3.org/2001/XMLSchema-instance" xsi:noNamespaceSchemaLocation="https://maven.apache.org/surefire/maven-surefire-plugin/xsd/surefire-test-report-3.0.xsd" version="3.0" name="com.auction.manager.AuctionManagerTest" time="0.254" tests="4" errors="0" skipped="0" failures="0">
  <properties>
[...]
</properties>
  <testcase name="testRemoveAuction" classname="com.auction.manager.AuctionManagerTest" time="0.19"/>
  <testcase name="testSingletonInstance" classname="com.auction.manager.AuctionManagerTest" time="0.002"/>
  <testcase name="testCreateAuction" classname="com.auction.manager.AuctionManagerTest" time="0.005"/>
  <testcase name="testFindAuctionById" classname="com.auction.manager.AuctionManagerTest" time="0.001"/>
</testsuite>